<?xml version="1.0" encoding="UTF-8"?>
<Site BuildName="Linux-c++"
	BuildStamp="20240824-1327-Experimental"
	Name="pop-os"
	Generator="ctest-3.29.6"
	CompilerName="/usr/bin/c++"
	CompilerVersion="13.2.0"
	OSName="Linux"
	Hostname="pop-os"
	OSRelease="6.9.3-76060903-generic"
	OSVersion="#202405300957~1721174657~22.04~abb7c06 SMP PREEMPT_DYNAMIC Wed J"
	OSPlatform="x86_64"
	Is64Bits="1"
	VendorString="AuthenticAMD"
	VendorID="Advanced Micro Devices"
	FamilyID="25"
	ModelID="116"
	ProcessorCacheSize="1024"
	NumberOfLogicalCPU="16"
	NumberOfPhysicalCPU="8"
	TotalVirtualMemory="17849"
	TotalPhysicalMemory="13754"
	LogicalProcessorsPerPhysical="2"
	ProcessorClockFrequency="4652.7"
	>
	<Testing>
		<StartDateTime>Aug 24 20:40 CEST</StartDateTime>
		<StartTestTime>1724524801</StartTestTime>
		<TestList/>
		<EndDateTime>Aug 24 20:40 CEST</EndDateTime>
		<EndTestTime>1724524801</EndTestTime>
		<ElapsedMinutes>0</ElapsedMinutes>
	</Testing>
</Site>
